[2022-07-23 21:25:31,735] {taskinstance.py:1179} INFO - Dependencies all met for <TaskInstance: tutorial.print_date manual__2022-07-23T21:25:28.733055+00:00 [queued]>
[2022-07-23 21:25:31,804] {taskinstance.py:1179} INFO - Dependencies all met for <TaskInstance: tutorial.print_date manual__2022-07-23T21:25:28.733055+00:00 [queued]>
[2022-07-23 21:25:31,805] {taskinstance.py:1376} INFO - 
--------------------------------------------------------------------------------
[2022-07-23 21:25:31,805] {taskinstance.py:1377} INFO - Starting attempt 1 of 2
[2022-07-23 21:25:31,808] {taskinstance.py:1378} INFO - 
--------------------------------------------------------------------------------
[2022-07-23 21:25:31,851] {taskinstance.py:1397} INFO - Executing <Task(BashOperator): print_date> on 2022-07-23 21:25:28.733055+00:00
[2022-07-23 21:25:31,859] {standard_task_runner.py:52} INFO - Started process 5868 to run task
[2022-07-23 21:25:31,873] {standard_task_runner.py:79} INFO - Running: ['***', 'tasks', 'run', 'tutorial', 'print_date', 'manual__2022-07-23T21:25:28.733055+00:00', '--job-id', '38', '--raw', '--subdir', 'DAGS_FOLDER/test.py', '--cfg-path', '/tmp/tmplp6bwr4a', '--error-file', '/tmp/tmpv9alra94']
[2022-07-23 21:25:31,876] {standard_task_runner.py:80} INFO - Job 38: Subtask print_date
[2022-07-23 21:25:32,054] {task_command.py:371} INFO - Running <TaskInstance: tutorial.print_date manual__2022-07-23T21:25:28.733055+00:00 [running]> on host aa8df9e9669a
[2022-07-23 21:25:32,240] {taskinstance.py:1591} INFO - Exporting the following env vars:
AIRFLOW_CTX_DAG_EMAIL=***@example.com
AIRFLOW_CTX_DAG_OWNER=***
AIRFLOW_CTX_DAG_ID=tutorial
AIRFLOW_CTX_TASK_ID=print_date
AIRFLOW_CTX_EXECUTION_DATE=2022-07-23T21:25:28.733055+00:00
AIRFLOW_CTX_TRY_NUMBER=1
AIRFLOW_CTX_DAG_RUN_ID=manual__2022-07-23T21:25:28.733055+00:00
[2022-07-23 21:25:32,244] {subprocess.py:62} INFO - Tmp dir root location: 
 /tmp
[2022-07-23 21:25:32,245] {subprocess.py:74} INFO - Running command: ['bash', '-c', 'date']
[2022-07-23 21:25:32,280] {subprocess.py:85} INFO - Output:
[2022-07-23 21:25:32,287] {subprocess.py:92} INFO - Sat Jul 23 21:25:32 UTC 2022
[2022-07-23 21:25:32,293] {subprocess.py:96} INFO - Command exited with return code 0
[2022-07-23 21:25:32,398] {taskinstance.py:1420} INFO - Marking task as SUCCESS. dag_id=tutorial, task_id=print_date, execution_date=20220723T212528, start_date=20220723T212531, end_date=20220723T212532
[2022-07-23 21:25:32,488] {local_task_job.py:156} INFO - Task exited with return code 0
[2022-07-23 21:25:32,546] {local_task_job.py:273} INFO - 2 downstream tasks scheduled from follow-on schedule check
