[2022-07-23 21:25:00,295] {taskinstance.py:1179} INFO - Dependencies all met for <TaskInstance: tutorial.print_date scheduled__2022-07-22T21:24:16.329774+00:00 [queued]>
[2022-07-23 21:25:00,314] {taskinstance.py:1179} INFO - Dependencies all met for <TaskInstance: tutorial.print_date scheduled__2022-07-22T21:24:16.329774+00:00 [queued]>
[2022-07-23 21:25:00,314] {taskinstance.py:1376} INFO - 
--------------------------------------------------------------------------------
[2022-07-23 21:25:00,314] {taskinstance.py:1377} INFO - Starting attempt 1 of 2
[2022-07-23 21:25:00,314] {taskinstance.py:1378} INFO - 
--------------------------------------------------------------------------------
[2022-07-23 21:25:00,339] {taskinstance.py:1397} INFO - Executing <Task(BashOperator): print_date> on 2022-07-22 21:24:16.329774+00:00
[2022-07-23 21:25:00,346] {standard_task_runner.py:52} INFO - Started process 5845 to run task
[2022-07-23 21:25:00,355] {standard_task_runner.py:79} INFO - Running: ['***', 'tasks', 'run', 'tutorial', 'print_date', 'scheduled__2022-07-22T21:24:16.329774+00:00', '--job-id', '37', '--raw', '--subdir', '/home/***/.local/lib/python3.7/site-packages/***/example_dags/tutorial.py', '--cfg-path', '/tmp/tmp0tln_mnb', '--error-file', '/tmp/tmpx149zn4k']
[2022-07-23 21:25:00,355] {standard_task_runner.py:80} INFO - Job 37: Subtask print_date
[2022-07-23 21:25:00,426] {task_command.py:371} INFO - Running <TaskInstance: tutorial.print_date scheduled__2022-07-22T21:24:16.329774+00:00 [running]> on host aa8df9e9669a
[2022-07-23 21:25:00,550] {taskinstance.py:1591} INFO - Exporting the following env vars:
AIRFLOW_CTX_DAG_EMAIL=***@example.com
AIRFLOW_CTX_DAG_OWNER=***
AIRFLOW_CTX_DAG_ID=tutorial
AIRFLOW_CTX_TASK_ID=print_date
AIRFLOW_CTX_EXECUTION_DATE=2022-07-22T21:24:16.329774+00:00
AIRFLOW_CTX_TRY_NUMBER=1
AIRFLOW_CTX_DAG_RUN_ID=scheduled__2022-07-22T21:24:16.329774+00:00
[2022-07-23 21:25:00,557] {subprocess.py:62} INFO - Tmp dir root location: 
 /tmp
[2022-07-23 21:25:00,565] {subprocess.py:74} INFO - Running command: ['bash', '-c', 'date']
[2022-07-23 21:25:00,612] {subprocess.py:85} INFO - Output:
[2022-07-23 21:25:00,637] {subprocess.py:92} INFO - Sat Jul 23 21:25:00 UTC 2022
[2022-07-23 21:25:00,644] {subprocess.py:96} INFO - Command exited with return code 0
[2022-07-23 21:25:00,806] {taskinstance.py:1420} INFO - Marking task as SUCCESS. dag_id=tutorial, task_id=print_date, execution_date=20220722T212416, start_date=20220723T212500, end_date=20220723T212500
[2022-07-23 21:25:00,950] {local_task_job.py:156} INFO - Task exited with return code 0
[2022-07-23 21:25:01,102] {local_task_job.py:273} INFO - 2 downstream tasks scheduled from follow-on schedule check
