[2022-07-23 21:25:35,949] {taskinstance.py:1179} INFO - Dependencies all met for <TaskInstance: tutorial.sleep manual__2022-07-23T21:25:28.733055+00:00 [queued]>
[2022-07-23 21:25:36,189] {taskinstance.py:1179} INFO - Dependencies all met for <TaskInstance: tutorial.sleep manual__2022-07-23T21:25:28.733055+00:00 [queued]>
[2022-07-23 21:25:36,203] {taskinstance.py:1376} INFO - 
--------------------------------------------------------------------------------
[2022-07-23 21:25:36,208] {taskinstance.py:1377} INFO - Starting attempt 1 of 4
[2022-07-23 21:25:36,213] {taskinstance.py:1378} INFO - 
--------------------------------------------------------------------------------
[2022-07-23 21:25:36,381] {taskinstance.py:1397} INFO - Executing <Task(BashOperator): sleep> on 2022-07-23 21:25:28.733055+00:00
[2022-07-23 21:25:36,447] {standard_task_runner.py:52} INFO - Started process 5883 to run task
[2022-07-23 21:25:36,485] {standard_task_runner.py:79} INFO - Running: ['***', 'tasks', 'run', 'tutorial', 'sleep', 'manual__2022-07-23T21:25:28.733055+00:00', '--job-id', '41', '--raw', '--subdir', 'DAGS_FOLDER/test.py', '--cfg-path', '/tmp/tmpdjiwsorg', '--error-file', '/tmp/tmpvpa984d7']
[2022-07-23 21:25:36,486] {standard_task_runner.py:80} INFO - Job 41: Subtask sleep
[2022-07-23 21:25:36,967] {task_command.py:371} INFO - Running <TaskInstance: tutorial.sleep manual__2022-07-23T21:25:28.733055+00:00 [running]> on host aa8df9e9669a
[2022-07-23 21:25:37,474] {taskinstance.py:1591} INFO - Exporting the following env vars:
AIRFLOW_CTX_DAG_EMAIL=***@example.com
AIRFLOW_CTX_DAG_OWNER=***
AIRFLOW_CTX_DAG_ID=tutorial
AIRFLOW_CTX_TASK_ID=sleep
AIRFLOW_CTX_EXECUTION_DATE=2022-07-23T21:25:28.733055+00:00
AIRFLOW_CTX_TRY_NUMBER=1
AIRFLOW_CTX_DAG_RUN_ID=manual__2022-07-23T21:25:28.733055+00:00
[2022-07-23 21:25:37,475] {subprocess.py:62} INFO - Tmp dir root location: 
 /tmp
[2022-07-23 21:25:37,475] {subprocess.py:74} INFO - Running command: ['bash', '-c', 'sleep 5']
[2022-07-23 21:25:37,550] {subprocess.py:85} INFO - Output:
[2022-07-23 21:25:42,560] {subprocess.py:96} INFO - Command exited with return code 0
[2022-07-23 21:25:42,595] {taskinstance.py:1420} INFO - Marking task as SUCCESS. dag_id=tutorial, task_id=sleep, execution_date=20220723T212528, start_date=20220723T212535, end_date=20220723T212542
[2022-07-23 21:25:42,661] {local_task_job.py:156} INFO - Task exited with return code 0
[2022-07-23 21:25:42,694] {local_task_job.py:273} INFO - 0 downstream tasks scheduled from follow-on schedule check
