[2022-07-23 21:25:32,700] {taskinstance.py:1179} INFO - Dependencies all met for <TaskInstance: tutorial.templated scheduled__2022-07-22T21:24:16.329774+00:00 [queued]>
[2022-07-23 21:25:32,716] {taskinstance.py:1179} INFO - Dependencies all met for <TaskInstance: tutorial.templated scheduled__2022-07-22T21:24:16.329774+00:00 [queued]>
[2022-07-23 21:25:32,717] {taskinstance.py:1376} INFO - 
--------------------------------------------------------------------------------
[2022-07-23 21:25:32,721] {taskinstance.py:1377} INFO - Starting attempt 1 of 2
[2022-07-23 21:25:32,721] {taskinstance.py:1378} INFO - 
--------------------------------------------------------------------------------
[2022-07-23 21:25:32,765] {taskinstance.py:1397} INFO - Executing <Task(BashOperator): templated> on 2022-07-22 21:24:16.329774+00:00
[2022-07-23 21:25:32,768] {standard_task_runner.py:52} INFO - Started process 5872 to run task
[2022-07-23 21:25:32,809] {standard_task_runner.py:79} INFO - Running: ['***', 'tasks', 'run', 'tutorial', 'templated', 'scheduled__2022-07-22T21:24:16.329774+00:00', '--job-id', '40', '--raw', '--subdir', 'DAGS_FOLDER/test.py', '--cfg-path', '/tmp/tmp96e_m_zw', '--error-file', '/tmp/tmpzolmx_hr']
[2022-07-23 21:25:32,810] {standard_task_runner.py:80} INFO - Job 40: Subtask templated
[2022-07-23 21:25:33,651] {task_command.py:371} INFO - Running <TaskInstance: tutorial.templated scheduled__2022-07-22T21:24:16.329774+00:00 [running]> on host aa8df9e9669a
[2022-07-23 21:25:34,162] {taskinstance.py:1591} INFO - Exporting the following env vars:
AIRFLOW_CTX_DAG_EMAIL=***@example.com
AIRFLOW_CTX_DAG_OWNER=***
AIRFLOW_CTX_DAG_ID=tutorial
AIRFLOW_CTX_TASK_ID=templated
AIRFLOW_CTX_EXECUTION_DATE=2022-07-22T21:24:16.329774+00:00
AIRFLOW_CTX_TRY_NUMBER=1
AIRFLOW_CTX_DAG_RUN_ID=scheduled__2022-07-22T21:24:16.329774+00:00
[2022-07-23 21:25:34,170] {subprocess.py:62} INFO - Tmp dir root location: 
 /tmp
[2022-07-23 21:25:34,175] {subprocess.py:74} INFO - Running command: ['bash', '-c', '\n\n    echo "2022-07-22"\n    echo "2022-07-29"\n\n    echo "2022-07-22"\n    echo "2022-07-29"\n\n    echo "2022-07-22"\n    echo "2022-07-29"\n\n    echo "2022-07-22"\n    echo "2022-07-29"\n\n    echo "2022-07-22"\n    echo "2022-07-29"\n']
[2022-07-23 21:25:34,232] {subprocess.py:85} INFO - Output:
[2022-07-23 21:25:34,251] {subprocess.py:92} INFO - 2022-07-22
[2022-07-23 21:25:34,252] {subprocess.py:92} INFO - 2022-07-29
[2022-07-23 21:25:34,252] {subprocess.py:92} INFO - 2022-07-22
[2022-07-23 21:25:34,252] {subprocess.py:92} INFO - 2022-07-29
[2022-07-23 21:25:34,252] {subprocess.py:92} INFO - 2022-07-22
[2022-07-23 21:25:34,252] {subprocess.py:92} INFO - 2022-07-29
[2022-07-23 21:25:34,252] {subprocess.py:92} INFO - 2022-07-22
[2022-07-23 21:25:34,252] {subprocess.py:92} INFO - 2022-07-29
[2022-07-23 21:25:34,252] {subprocess.py:92} INFO - 2022-07-22
[2022-07-23 21:25:34,252] {subprocess.py:92} INFO - 2022-07-29
[2022-07-23 21:25:34,257] {subprocess.py:96} INFO - Command exited with return code 0
[2022-07-23 21:25:34,478] {taskinstance.py:1420} INFO - Marking task as SUCCESS. dag_id=tutorial, task_id=templated, execution_date=20220722T212416, start_date=20220723T212532, end_date=20220723T212534
[2022-07-23 21:25:34,589] {local_task_job.py:156} INFO - Task exited with return code 0
[2022-07-23 21:25:34,735] {local_task_job.py:273} INFO - 0 downstream tasks scheduled from follow-on schedule check
